<?xml version="1.0" encoding="UTF-8"?>
<testsuite name="com.testmaximum.MaximumValueTest" tests="1" skipped="0" failures="0" errors="0" timestamp="2019-11-28T12:38:06" hostname="admin1-desktop" time="0.001">
  <properties/>
  <testcase name="givenMethod_FindMaximumValue_ReturnMaxValueOfString_UsingGenerics" classname="com.testmaximum.MaximumValueTest" time="0.001"/>
  <system-out><![CDATA[]]></system-out>
  <system-err><![CDATA[]]></system-err>
</testsuite>
